y:\projects\vsprojs\vs2015\laser_sys\vs2015\laser_server_lib\x64\debug\vc140.pdb
y:\projects\vsprojs\vs2015\laser_sys\vs2015\laser_server_lib\x64\debug\vc140.idb
y:\projects\vsprojs\vs2015\laser_sys\vs2015\laser_server_lib\x64\debug\simplethread.obj
y:\projects\vsprojs\vs2015\laser_sys\vs2015\laser_server_lib\x64\debug\laser_server_lib.pdb
y:\projects\vsprojs\vs2015\laser_sys\vs2015\laser_server_lib\x64\debug\laser_server_lib.idb
y:\projects\vsprojs\vs2015\laser_sys\vs2015\laser_server_lib\x64\debug\layserserver.obj
y:\projects\vsprojs\vs2015\laser_sys\vs2015\laser_server_lib\x64\debug\laser_server_debug_main.obj
y:\projects\vsprojs\vs2015\laser_sys\vs2015\laser_server_lib\x64\debug\tracker.obj
y:\projects\vsprojs\vs2015\laser_sys\vs2015\x64\debug\laser_server_lib.lib
y:\projects\vsprojs\vs2015\laser_sys\vs2015\laser_server_lib\x64\debug\laser_server_lib.obj
y:\projects\vsprojs\vs2015\laser_sys\vs2015\x64\debug\laser_server_lib.pdb
y:\projects\vsprojs\vs2015\laser_sys\vs2015\laser_server_lib\x64\debug\laser_server_lib.tlog\cl.command.1.tlog
y:\projects\vsprojs\vs2015\laser_sys\vs2015\laser_server_lib\x64\debug\laser_server_lib.tlog\cl.read.1.tlog
y:\projects\vsprojs\vs2015\laser_sys\vs2015\laser_server_lib\x64\debug\laser_server_lib.tlog\cl.write.1.tlog
y:\projects\vsprojs\vs2015\laser_sys\vs2015\laser_server_lib\x64\debug\laser_server_lib.tlog\laser_server_lib.write.1u.tlog
y:\projects\vsprojs\vs2015\laser_sys\vs2015\laser_server_lib\x64\debug\laser_server_lib.tlog\lib-link.read.1.tlog
y:\projects\vsprojs\vs2015\laser_sys\vs2015\laser_server_lib\x64\debug\laser_server_lib.tlog\lib-link.write.1.tlog
y:\projects\vsprojs\vs2015\laser_sys\vs2015\laser_server_lib\x64\debug\laser_server_lib.tlog\lib.command.1.tlog
y:\projects\vsprojs\vs2015\laser_sys\vs2015\laser_server_lib\x64\debug\laser_server_lib.tlog\link-cvtres.read.1.tlog
y:\projects\vsprojs\vs2015\laser_sys\vs2015\laser_server_lib\x64\debug\laser_server_lib.tlog\link-cvtres.write.1.tlog
y:\projects\vsprojs\vs2015\laser_sys\vs2015\laser_server_lib\x64\debug\laser_server_lib.tlog\link-rc.read.1.tlog
y:\projects\vsprojs\vs2015\laser_sys\vs2015\laser_server_lib\x64\debug\laser_server_lib.tlog\link-rc.write.1.tlog
y:\projects\vsprojs\vs2015\laser_sys\vs2015\laser_server_lib\x64\debug\laser_server_lib.tlog\link.command.1.tlog
y:\projects\vsprojs\vs2015\laser_sys\vs2015\laser_server_lib\x64\debug\laser_server_lib.tlog\link.read.1.tlog
y:\projects\vsprojs\vs2015\laser_sys\vs2015\laser_server_lib\x64\debug\laser_server_lib.tlog\link.write.1.tlog
