y:\projects\vsprojs\vs2015\laser_sys\vs2015\laser_server_lib\x64\m_debug\vc120.pdb
y:\projects\vsprojs\vs2015\laser_sys\vs2015\laser_server_lib\x64\m_debug\vc120.idb
y:\projects\vsprojs\vs2015\laser_sys\vs2015\laser_server_lib\x64\m_debug\layserserver.obj
y:\projects\vsprojs\vs2015\laser_sys\vs2015\laser_server_lib\x64\m_debug\serialread.obj
y:\projects\vsprojs\vs2015\laser_sys\vs2015\laser_server_lib\x64\m_debug\socketread.obj
y:\projects\vsprojs\vs2015\laser_sys\vs2015\laser_server_lib\x64\m_debug\testread.obj
y:\projects\vsprojs\vs2015\laser_sys\vs2015\laser_server_lib\x64\m_debug\tracker.obj
y:\projects\vsprojs\vs2015\laser_sys\vs2015\laser_server_lib\x64\m_debug\list_ports_linux.obj
y:\projects\vsprojs\vs2015\laser_sys\vs2015\laser_server_lib\x64\m_debug\list_ports_osx.obj
y:\projects\vsprojs\vs2015\laser_sys\vs2015\laser_server_lib\x64\m_debug\list_ports_win.obj
y:\projects\vsprojs\vs2015\laser_sys\vs2015\laser_server_lib\x64\m_debug\unix.obj
y:\projects\vsprojs\vs2015\laser_sys\vs2015\laser_server_lib\x64\m_debug\win.obj
y:\projects\vsprojs\vs2015\laser_sys\vs2015\laser_server_lib\x64\m_debug\serial.obj
y:\projects\vsprojs\vs2015\laser_sys\vs2015\laser_server_lib\x64\m_debug\simplethread.obj
y:\projects\vsprojs\vs2015\laser_sys\vs2015\laser_server_lib\x64\m_debug\laser_server_debug_main.obj
y:\projects\vsprojs\vs2015\laser_sys\vs2015\x64\m_debug\laser_server_lib.pdb
y:\projects\vsprojs\vs2015\laser_sys\vs2015\laser_server_lib\x64\m_debug\laser_server_lib.tlog\cl.command.1.tlog
y:\projects\vsprojs\vs2015\laser_sys\vs2015\laser_server_lib\x64\m_debug\laser_server_lib.tlog\cl.read.1.tlog
y:\projects\vsprojs\vs2015\laser_sys\vs2015\laser_server_lib\x64\m_debug\laser_server_lib.tlog\cl.write.1.tlog
y:\projects\vsprojs\vs2015\laser_sys\vs2015\laser_server_lib\x64\m_debug\laser_server_lib.tlog\link-cvtres.read.1.tlog
y:\projects\vsprojs\vs2015\laser_sys\vs2015\laser_server_lib\x64\m_debug\laser_server_lib.tlog\link-cvtres.write.1.tlog
y:\projects\vsprojs\vs2015\laser_sys\vs2015\laser_server_lib\x64\m_debug\laser_server_lib.tlog\link-rc.read.1.tlog
y:\projects\vsprojs\vs2015\laser_sys\vs2015\laser_server_lib\x64\m_debug\laser_server_lib.tlog\link-rc.write.1.tlog
y:\projects\vsprojs\vs2015\laser_sys\vs2015\laser_server_lib\x64\m_debug\laser_server_lib.tlog\link.command.1.tlog
y:\projects\vsprojs\vs2015\laser_sys\vs2015\laser_server_lib\x64\m_debug\laser_server_lib.tlog\link.read.1.tlog
y:\projects\vsprojs\vs2015\laser_sys\vs2015\laser_server_lib\x64\m_debug\laser_server_lib.tlog\link.write.1.tlog
