生成启动时间为 2018/1/5 23:29:49。
     1>项目“Y:\Projects\VSProjs\VS2015\Laser_sys\VS2015\Laser_server_lib\Laser_server_lib.vcxproj”在节点 2 上(Build 个目标)。
     1>ClCompile:
         Z:\Program Files (x86)\Microsoft Visual Studio 12.0\VC\bin\x86_amd64\CL.exe /c /I..\Source\ThirdParty\opencv_pnp\include /I../Source\ThirdParty\serial\include /I../Source/ThirdParty/mavlink /I../Source/Sys /I../Source/Util /I../Source/Server /Zi /nologo /W3 /WX- /Od /D AS_CODE /D MDebug /D NDEBUG /D _CONSOLE /D _UNICODE /D UNICODE /Gm /EHsc /RTC1 /MD /GS /fp:precise /Zc:wchar_t /Zc:forScope /Fo"x64\M_Debug\\" /Fd"x64\M_Debug\vc120.pdb" /Gd /TP /errorReport:prompt ..\Source\Server\LayserServer.cpp
         LayserServer.cpp
     1>y:\projects\vsprojs\vs2015\laser_sys\vs2015\source\thirdparty\mavlink\mavlink_conversions.h(48): warning C4244: '=' : conversion from 'double' to 'float', possible loss of data
     1>y:\projects\vsprojs\vs2015\laser_sys\vs2015\source\thirdparty\mavlink\mavlink_conversions.h(49): warning C4244: '=' : conversion from 'double' to 'float', possible loss of data
     1>y:\projects\vsprojs\vs2015\laser_sys\vs2015\source\thirdparty\mavlink\mavlink_conversions.h(50): warning C4244: '=' : conversion from 'double' to 'float', possible loss of data
     1>y:\projects\vsprojs\vs2015\laser_sys\vs2015\source\thirdparty\mavlink\mavlink_conversions.h(51): warning C4244: '=' : conversion from 'double' to 'float', possible loss of data
     1>y:\projects\vsprojs\vs2015\laser_sys\vs2015\source\thirdparty\mavlink\mavlink_conversions.h(52): warning C4244: '=' : conversion from 'double' to 'float', possible loss of data
     1>y:\projects\vsprojs\vs2015\laser_sys\vs2015\source\thirdparty\mavlink\mavlink_conversions.h(53): warning C4244: '=' : conversion from 'double' to 'float', possible loss of data
     1>y:\projects\vsprojs\vs2015\laser_sys\vs2015\source\thirdparty\mavlink\mavlink_conversions.h(54): warning C4244: '=' : conversion from 'double' to 'float', possible loss of data
     1>y:\projects\vsprojs\vs2015\laser_sys\vs2015\source\thirdparty\mavlink\mavlink_conversions.h(55): warning C4244: '=' : conversion from 'double' to 'float', possible loss of data
     1>y:\projects\vsprojs\vs2015\laser_sys\vs2015\source\thirdparty\mavlink\mavlink_conversions.h(56): warning C4244: '=' : conversion from 'double' to 'float', possible loss of data
     1>..\Source\Server\LayserServer.cpp(238): warning C4996: 'inet_addr': Use inet_pton() or InetPton() instead or define _WINSOCK_DEPRECATED_NO_WARNINGS to disable deprecated API warnings
                 C:\Program Files (x86)\Windows Kits\8.1\Include\um\winsock2.h(1850) : see declaration of 'inet_addr'
     1>..\Source\Server\LayserServer.cpp(252): warning C4996: 'inet_addr': Use inet_pton() or InetPton() instead or define _WINSOCK_DEPRECATED_NO_WARNINGS to disable deprecated API warnings
                 C:\Program Files (x86)\Windows Kits\8.1\Include\um\winsock2.h(1850) : see declaration of 'inet_addr'
       Link:
         Z:\Program Files (x86)\Microsoft Visual Studio 12.0\VC\bin\x86_amd64\link.exe /ERRORREPORT:PROMPT /OUT:"Y:\Projects\VSProjs\VS2015\Laser_sys\VS2015\x64\M_Debug\Laser_server_lib.exe" /INCREMENTAL /NOLOGO /LIBPATH:..\Source\ThirdParty\opencv_pnp\lib\Release Setupapi.lib opencv_core2413.lib opencv_calib3d2413.lib opencv_imgproc2413.lib zlib.lib cudart_static.lib kernel32.lib user32.lib gdi32.lib winspool.lib comdlg32.lib advapi32.lib shell32.lib ole32.lib oleaut32.lib uuid.lib odbc32.lib odbccp32.lib /MANIFEST /MANIFESTUAC:"level='asInvoker' uiAccess='false'" /manifest:embed /DEBUG /PDB:"Y:\Projects\VSProjs\VS2015\Laser_sys\VS2015\x64\M_Debug\Laser_server_lib.pdb" /SUBSYSTEM:CONSOLE /TLBID:1 /DYNAMICBASE /NXCOMPAT /IMPLIB:"Y:\Projects\VSProjs\VS2015\Laser_sys\VS2015\x64\M_Debug\Laser_server_lib.lib" /MACHINE:X64 x64\M_Debug\LayserServer.obj
         x64\M_Debug\SerialRead.obj
         x64\M_Debug\SocketRead.obj
         x64\M_Debug\TestRead.obj
         x64\M_Debug\Tracker.obj
         x64\M_Debug\list_ports_linux.obj
         x64\M_Debug\list_ports_osx.obj
         x64\M_Debug\list_ports_win.obj
         x64\M_Debug\unix.obj
         x64\M_Debug\win.obj
         x64\M_Debug\serial.obj
         x64\M_Debug\SimpleThread.obj
         x64\M_Debug\Laser_server_debug_main.obj
         Laser_server_lib.vcxproj -> Y:\Projects\VSProjs\VS2015\Laser_sys\VS2015\x64\M_Debug\Laser_server_lib.exe
     1>已完成生成项目“Y:\Projects\VSProjs\VS2015\Laser_sys\VS2015\Laser_server_lib\Laser_server_lib.vcxproj”(Build 个目标)的操作。

已成功生成。

已用时间 00:00:00.74
