y:\projects\vsprojs\vs2015\laser_sys\vs2015\laser_client_service\x64\debug\vc140.pdb
y:\projects\vsprojs\vs2015\laser_sys\vs2015\laser_client_service\x64\debug\vc140.idb
y:\projects\vsprojs\vs2015\laser_sys\vs2015\laser_client_service\x64\debug\layserservice.obj
y:\projects\vsprojs\vs2015\laser_sys\vs2015\laser_client_service\x64\debug\tracker.obj
y:\projects\vsprojs\vs2015\laser_sys\vs2015\laser_client_service\x64\debug\simplethread.obj
y:\projects\vsprojs\vs2015\laser_sys\vs2015\laser_client_service\x64\debug\main.obj
y:\projects\vsprojs\vs2015\laser_sys\vs2015\x64\debug\laser_client_service.lib
y:\projects\vsprojs\vs2015\laser_sys\vs2015\x64\debug\laser_client_service.exp
y:\projects\vsprojs\vs2015\laser_sys\vs2015\x64\debug\laser_client_service.ilk
y:\projects\vsprojs\vs2015\laser_sys\vs2015\x64\debug\laser_client_service.exe
y:\projects\vsprojs\vs2015\laser_sys\vs2015\x64\debug\laser_client_service.pdb
y:\projects\vsprojs\vs2015\laser_sys\vs2015\laser_client_service\x64\debug\laser_cl.fef8fb13.tlog\cl.command.1.tlog
y:\projects\vsprojs\vs2015\laser_sys\vs2015\laser_client_service\x64\debug\laser_cl.fef8fb13.tlog\cl.read.1.tlog
y:\projects\vsprojs\vs2015\laser_sys\vs2015\laser_client_service\x64\debug\laser_cl.fef8fb13.tlog\cl.write.1.tlog
y:\projects\vsprojs\vs2015\laser_sys\vs2015\laser_client_service\x64\debug\laser_cl.fef8fb13.tlog\laser_client_service.write.1u.tlog
y:\projects\vsprojs\vs2015\laser_sys\vs2015\laser_client_service\x64\debug\laser_cl.fef8fb13.tlog\link.command.1.tlog
y:\projects\vsprojs\vs2015\laser_sys\vs2015\laser_client_service\x64\debug\laser_cl.fef8fb13.tlog\link.read.1.tlog
y:\projects\vsprojs\vs2015\laser_sys\vs2015\laser_client_service\x64\debug\laser_cl.fef8fb13.tlog\link.write.1.tlog
y:\projects\vsprojs\vs2015\laser_sys\vs2015\laser_client_service\x64\debug\laser_cl.fef8fb13.tlog\rc.command.1.tlog
y:\projects\vsprojs\vs2015\laser_sys\vs2015\laser_client_service\x64\debug\laser_cl.fef8fb13.tlog\rc.read.1.tlog
y:\projects\vsprojs\vs2015\laser_sys\vs2015\laser_client_service\x64\debug\laser_cl.fef8fb13.tlog\rc.write.1.tlog
