生成启动时间为 2018/1/4 18:47:11。
     1>项目“Y:\Projects\VSProjs\VS2015\Laser_sys\VS2015\Laser_client_service\Laser_client_service.vcxproj”在节点 2 上(Build 个目标)。
     1>ClCompile:
         Z:\Program Files (x86)\Microsoft Visual Studio 14.0\VC\bin\x86_amd64\CL.exe /c /I..\Source\Sys /I..\Source\Util /I..\Source\Client /I..\Source\ThirdParty\mavlink /ZI /nologo /W3 /WX- /Od /D AS_CODE /D _DEBUG /D _CONSOLE /D _UNICODE /D UNICODE /Gm /EHsc /RTC1 /MDd /GS /fp:precise /Zc:wchar_t /Zc:forScope /Zc:inline /Fo"x64\Debug\\" /Fd"x64\Debug\vc140.pdb" /Gd /TP /errorReport:prompt ..\Source\Client\LayserService.cpp ..\Source\Sys\Tracker.cpp ..\Source\Util\SimpleThread.cpp main.cpp
         SimpleThread.cpp
         Tracker.cpp
         LayserService.cpp
     1>y:\projects\vsprojs\vs2015\laser_sys\vs2015\source\thirdparty\mavlink\mavlink_conversions.h(48): warning C4244: “=”: 从“double”转换到“float”，可能丢失数据
     1>y:\projects\vsprojs\vs2015\laser_sys\vs2015\source\thirdparty\mavlink\mavlink_conversions.h(49): warning C4244: “=”: 从“double”转换到“float”，可能丢失数据
     1>y:\projects\vsprojs\vs2015\laser_sys\vs2015\source\thirdparty\mavlink\mavlink_conversions.h(50): warning C4244: “=”: 从“double”转换到“float”，可能丢失数据
     1>y:\projects\vsprojs\vs2015\laser_sys\vs2015\source\thirdparty\mavlink\mavlink_conversions.h(51): warning C4244: “=”: 从“double”转换到“float”，可能丢失数据
     1>y:\projects\vsprojs\vs2015\laser_sys\vs2015\source\thirdparty\mavlink\mavlink_conversions.h(52): warning C4244: “=”: 从“double”转换到“float”，可能丢失数据
     1>y:\projects\vsprojs\vs2015\laser_sys\vs2015\source\thirdparty\mavlink\mavlink_conversions.h(53): warning C4244: “=”: 从“double”转换到“float”，可能丢失数据
     1>y:\projects\vsprojs\vs2015\laser_sys\vs2015\source\thirdparty\mavlink\mavlink_conversions.h(54): warning C4244: “=”: 从“double”转换到“float”，可能丢失数据
     1>y:\projects\vsprojs\vs2015\laser_sys\vs2015\source\thirdparty\mavlink\mavlink_conversions.h(55): warning C4244: “=”: 从“double”转换到“float”，可能丢失数据
     1>y:\projects\vsprojs\vs2015\laser_sys\vs2015\source\thirdparty\mavlink\mavlink_conversions.h(56): warning C4244: “=”: 从“double”转换到“float”，可能丢失数据
     1>y:\projects\vsprojs\vs2015\laser_sys\vs2015\source\thirdparty\mavlink\mavlink_conversions.h(71): warning C4244: “=”: 从“double”转换到“float”，可能丢失数据
     1>y:\projects\vsprojs\vs2015\laser_sys\vs2015\source\client\layserservice.cpp(122): warning C4996: 'inet_addr': Use inet_pton() or InetPton() instead or define _WINSOCK_DEPRECATED_NO_WARNINGS to disable deprecated API warnings
         c:\program files (x86)\windows kits\10\include\10.0.15063.0\um\winsock2.h(1830): note: 参见“inet_addr”的声明
         正在生成代码...
         正在编译...
         main.cpp
     1>y:\projects\vsprojs\vs2015\laser_sys\vs2015\source\thirdparty\mavlink\mavlink_conversions.h(48): warning C4244: “=”: 从“double”转换到“float”，可能丢失数据
     1>y:\projects\vsprojs\vs2015\laser_sys\vs2015\source\thirdparty\mavlink\mavlink_conversions.h(49): warning C4244: “=”: 从“double”转换到“float”，可能丢失数据
     1>y:\projects\vsprojs\vs2015\laser_sys\vs2015\source\thirdparty\mavlink\mavlink_conversions.h(50): warning C4244: “=”: 从“double”转换到“float”，可能丢失数据
     1>y:\projects\vsprojs\vs2015\laser_sys\vs2015\source\thirdparty\mavlink\mavlink_conversions.h(51): warning C4244: “=”: 从“double”转换到“float”，可能丢失数据
     1>y:\projects\vsprojs\vs2015\laser_sys\vs2015\source\thirdparty\mavlink\mavlink_conversions.h(52): warning C4244: “=”: 从“double”转换到“float”，可能丢失数据
     1>y:\projects\vsprojs\vs2015\laser_sys\vs2015\source\thirdparty\mavlink\mavlink_conversions.h(53): warning C4244: “=”: 从“double”转换到“float”，可能丢失数据
     1>y:\projects\vsprojs\vs2015\laser_sys\vs2015\source\thirdparty\mavlink\mavlink_conversions.h(54): warning C4244: “=”: 从“double”转换到“float”，可能丢失数据
     1>y:\projects\vsprojs\vs2015\laser_sys\vs2015\source\thirdparty\mavlink\mavlink_conversions.h(55): warning C4244: “=”: 从“double”转换到“float”，可能丢失数据
     1>y:\projects\vsprojs\vs2015\laser_sys\vs2015\source\thirdparty\mavlink\mavlink_conversions.h(56): warning C4244: “=”: 从“double”转换到“float”，可能丢失数据
     1>y:\projects\vsprojs\vs2015\laser_sys\vs2015\source\thirdparty\mavlink\mavlink_conversions.h(71): warning C4244: “=”: 从“double”转换到“float”，可能丢失数据
         正在生成代码...
       Link:
         Z:\Program Files (x86)\Microsoft Visual Studio 14.0\VC\bin\x86_amd64\link.exe /ERRORREPORT:PROMPT /OUT:"Y:\Projects\VSProjs\VS2015\Laser_sys\VS2015\x64\Debug\Laser_client_service.exe" /INCREMENTAL /NOLOGO kernel32.lib user32.lib gdi32.lib winspool.lib comdlg32.lib advapi32.lib shell32.lib ole32.lib oleaut32.lib uuid.lib odbc32.lib odbccp32.lib /MANIFEST /MANIFESTUAC:"level='asInvoker' uiAccess='false'" /manifest:embed /Debug /PDB:"Y:\Projects\VSProjs\VS2015\Laser_sys\VS2015\x64\Debug\Laser_client_service.pdb" /SUBSYSTEM:CONSOLE /TLBID:1 /DYNAMICBASE /NXCOMPAT /IMPLIB:"Y:\Projects\VSProjs\VS2015\Laser_sys\VS2015\x64\Debug\Laser_client_service.lib" /MACHINE:X64 x64\Debug\LayserService.obj
         x64\Debug\Tracker.obj
         x64\Debug\SimpleThread.obj
         x64\Debug\main.obj
         Laser_client_service.vcxproj -> Y:\Projects\VSProjs\VS2015\Laser_sys\VS2015\x64\Debug\Laser_client_service.exe
     1>已完成生成项目“Y:\Projects\VSProjs\VS2015\Laser_sys\VS2015\Laser_client_service\Laser_client_service.vcxproj”(Build 个目标)的操作。

已成功生成。

已用时间 00:00:02.05
