y:\projects\vsprojs\vs2015\laser_sys\vs2015\laser_sdk_lib\x64\debug\vc140.pdb
y:\projects\vsprojs\vs2015\laser_sys\vs2015\laser_sdk_lib\x64\debug\vc140.idb
y:\projects\vsprojs\vs2015\laser_sys\vs2015\laser_sdk_lib\x64\debug\laysersdk.obj
y:\projects\vsprojs\vs2015\laser_sys\vs2015\laser_sdk_lib\x64\debug\tracker.obj
y:\projects\vsprojs\vs2015\laser_sys\vs2015\laser_sdk_lib\x64\debug\simplethread.obj
y:\projects\vsprojs\vs2015\laser_sys\vs2015\laser_sdk_lib\x64\debug\test_main.obj
y:\projects\vsprojs\vs2015\laser_sys\vs2015\x64\debug\laser_sdk_lib.lib
y:\projects\vsprojs\vs2015\laser_sys\vs2015\x64\debug\laser_sdk_lib.exp
y:\projects\vsprojs\vs2015\laser_sys\vs2015\laser_sdk_lib\x64\debug\laser_sdk_lib.idb
y:\projects\vsprojs\vs2015\laser_sys\vs2015\laser_sdk_lib\x64\debug\laser_sdk_lib.pdb
y:\projects\vsprojs\vs2015\laser_sys\vs2015\x64\debug\laser_sdk_lib.pdb
y:\projects\vsprojs\vs2015\laser_sys\vs2015\laser_sdk_lib\x64\debug\laser_sdk_lib.tlog\cl.command.1.tlog
y:\projects\vsprojs\vs2015\laser_sys\vs2015\laser_sdk_lib\x64\debug\laser_sdk_lib.tlog\cl.read.1.tlog
y:\projects\vsprojs\vs2015\laser_sys\vs2015\laser_sdk_lib\x64\debug\laser_sdk_lib.tlog\cl.write.1.tlog
y:\projects\vsprojs\vs2015\laser_sys\vs2015\laser_sdk_lib\x64\debug\laser_sdk_lib.tlog\laser_sdk_lib.write.1u.tlog
y:\projects\vsprojs\vs2015\laser_sys\vs2015\laser_sdk_lib\x64\debug\laser_sdk_lib.tlog\lib-link.read.1.tlog
y:\projects\vsprojs\vs2015\laser_sys\vs2015\laser_sdk_lib\x64\debug\laser_sdk_lib.tlog\lib-link.write.1.tlog
y:\projects\vsprojs\vs2015\laser_sys\vs2015\laser_sdk_lib\x64\debug\laser_sdk_lib.tlog\lib.command.1.tlog
y:\projects\vsprojs\vs2015\laser_sys\vs2015\laser_sdk_lib\x64\debug\laser_sdk_lib.tlog\link.command.1.tlog
y:\projects\vsprojs\vs2015\laser_sys\vs2015\laser_sdk_lib\x64\debug\laser_sdk_lib.tlog\link.read.1.tlog
y:\projects\vsprojs\vs2015\laser_sys\vs2015\laser_sdk_lib\x64\debug\laser_sdk_lib.tlog\link.write.1.tlog
